\BOOKMARK [1][-]{section.1}{Introduction}{}% 1
\BOOKMARK [2][-]{subsection.1.1}{What is R?}{section.1}% 2
\BOOKMARK [2][-]{subsection.1.2}{Why use R?}{section.1}% 3
\BOOKMARK [1][-]{section.2}{Getting Started: R and the RStudio Environment.}{}% 4
\BOOKMARK [2][-]{subsection.2.1}{Installing R and RStudio}{section.2}% 5
\BOOKMARK [2][-]{subsection.2.2}{Creating an R Project.}{section.2}% 6
\BOOKMARK [2][-]{subsection.2.3}{Using RStudio}{section.2}% 7
\BOOKMARK [2][-]{subsection.2.4}{Finding Help within R.}{section.2}% 8
\BOOKMARK [2][-]{subsection.2.5}{Troubleshooting and finding help outside of R.}{section.2}% 9
\BOOKMARK [1][-]{section.3}{Loading data into R.}{}% 10
\BOOKMARK [1][-]{section.4}{Data management in R.}{}% 11
\BOOKMARK [2][-]{subsection.4.1}{Summary Statistics.}{section.4}% 12
\BOOKMARK [2][-]{subsection.4.2}{Sorting data with arrange\(\)}{section.4}% 13
\BOOKMARK [2][-]{subsection.4.3}{Sub-setting columns with select\(\)}{section.4}% 14
\BOOKMARK [2][-]{subsection.4.4}{Adding columns.}{section.4}% 15
\BOOKMARK [2][-]{subsection.4.5}{Sub-setting rows with filter\(\)}{section.4}% 16
\BOOKMARK [1][-]{section.5}{Data visualisation with ggplot2}{}% 17
\BOOKMARK [2][-]{subsection.5.1}{ggplot2 - the grammar of graphics.}{section.5}% 18
\BOOKMARK [2][-]{subsection.5.2}{ggplot2 basics - a scatter-plot.}{section.5}% 19
\BOOKMARK [2][-]{subsection.5.3}{Customising plots.}{section.5}% 20
\BOOKMARK [2][-]{subsection.5.4}{Saving plots}{section.5}% 21
